Start testing: Sep 01 08:11 PDT
----------------------------------------------------------
1/4 Testing: GalileoSolverTest.CheckSyncHeaders
1/4 Test: GalileoSolverTest.CheckSyncHeaders
Command: "/home/cezeri/galileo/build/galileo_test" "--gtest_filter=GalileoSolverTest.CheckSyncHeaders" "--gtest_also_run_disabled_tests"
Directory: /home/cezeri/galileo/build
"GalileoSolverTest.CheckSyncHeaders" start time: Sep 01 08:11 PDT
Output:
----------------------------------------------------------
Note: Google Test filter = GalileoSolverTest.CheckSyncHeaders
[==========] Running 1 test from 1 test suite.
[----------] Global test environment set-up.
[----------] 1 test from GalileoSolverTest
[ RUN      ] GalileoSolverTest.CheckSyncHeaders
[       OK ] GalileoSolverTest.CheckSyncHeaders (0 ms)
[----------] 1 test from GalileoSolverTest (0 ms total)

[----------] Global test environment tear-down
[==========] 1 test from 1 test suite ran. (0 ms total)
[  PASSED  ] 1 test.
<end of output>
Test time =   0.00 sec
----------------------------------------------------------
Test Passed.
"GalileoSolverTest.CheckSyncHeaders" end time: Sep 01 08:11 PDT
"GalileoSolverTest.CheckSyncHeaders" time elapsed: 00:00:00
----------------------------------------------------------

2/4 Testing: GalileoSolverTest.CheckSyncHeaders2
2/4 Test: GalileoSolverTest.CheckSyncHeaders2
Command: "/home/cezeri/galileo/build/galileo_test" "--gtest_filter=GalileoSolverTest.CheckSyncHeaders2" "--gtest_also_run_disabled_tests"
Directory: /home/cezeri/galileo/build
"GalileoSolverTest.CheckSyncHeaders2" start time: Sep 01 08:11 PDT
Output:
----------------------------------------------------------
Note: Google Test filter = GalileoSolverTest.CheckSyncHeaders2
[==========] Running 1 test from 1 test suite.
[----------] Global test environment set-up.
[----------] 1 test from GalileoSolverTest
[ RUN      ] GalileoSolverTest.CheckSyncHeaders2
[       OK ] GalileoSolverTest.CheckSyncHeaders2 (0 ms)
[----------] 1 test from GalileoSolverTest (0 ms total)

[----------] Global test environment tear-down
[==========] 1 test from 1 test suite ran. (0 ms total)
[  PASSED  ] 1 test.
<end of output>
Test time =   0.00 sec
----------------------------------------------------------
Test Passed.
"GalileoSolverTest.CheckSyncHeaders2" end time: Sep 01 08:11 PDT
"GalileoSolverTest.CheckSyncHeaders2" time elapsed: 00:00:00
----------------------------------------------------------

3/4 Testing: GalileoSolverTest.DetermineWordTypeTrue
3/4 Test: GalileoSolverTest.DetermineWordTypeTrue
Command: "/home/cezeri/galileo/build/galileo_test" "--gtest_filter=GalileoSolverTest.DetermineWordTypeTrue" "--gtest_also_run_disabled_tests"
Directory: /home/cezeri/galileo/build
"GalileoSolverTest.DetermineWordTypeTrue" start time: Sep 01 08:11 PDT
Output:
----------------------------------------------------------
Note: Google Test filter = GalileoSolverTest.DetermineWordTypeTrue
[==========] Running 1 test from 1 test suite.
[----------] Global test environment set-up.
[----------] 1 test from GalileoSolverTest
[ RUN      ] GalileoSolverTest.DetermineWordTypeTrue
[       OK ] GalileoSolverTest.DetermineWordTypeTrue (0 ms)
[----------] 1 test from GalileoSolverTest (0 ms total)

[----------] Global test environment tear-down
[==========] 1 test from 1 test suite ran. (0 ms total)
[  PASSED  ] 1 test.
<end of output>
Test time =   0.00 sec
----------------------------------------------------------
Test Passed.
"GalileoSolverTest.DetermineWordTypeTrue" end time: Sep 01 08:11 PDT
"GalileoSolverTest.DetermineWordTypeTrue" time elapsed: 00:00:00
----------------------------------------------------------

4/4 Testing: GalileoSolverTest.DetermineWordTypeFalse
4/4 Test: GalileoSolverTest.DetermineWordTypeFalse
Command: "/home/cezeri/galileo/build/galileo_test" "--gtest_filter=GalileoSolverTest.DetermineWordTypeFalse" "--gtest_also_run_disabled_tests"
Directory: /home/cezeri/galileo/build
"GalileoSolverTest.DetermineWordTypeFalse" start time: Sep 01 08:11 PDT
Output:
----------------------------------------------------------
Note: Google Test filter = GalileoSolverTest.DetermineWordTypeFalse
[==========] Running 1 test from 1 test suite.
[----------] Global test environment set-up.
[----------] 1 test from GalileoSolverTest
[ RUN      ] GalileoSolverTest.DetermineWordTypeFalse
WARNING!!!
WARNING!!!
WARNING!!!
WARNING!!!
[       OK ] GalileoSolverTest.DetermineWordTypeFalse (0 ms)
[----------] 1 test from GalileoSolverTest (0 ms total)

[----------] Global test environment tear-down
[==========] 1 test from 1 test suite ran. (0 ms total)
[  PASSED  ] 1 test.
<end of output>
Test time =   0.00 sec
----------------------------------------------------------
Test Passed.
"GalileoSolverTest.DetermineWordTypeFalse" end time: Sep 01 08:11 PDT
"GalileoSolverTest.DetermineWordTypeFalse" time elapsed: 00:00:00
----------------------------------------------------------

End testing: Sep 01 08:11 PDT
